2017_05_26 09:21:29 INFO    云主机ubfoxpshr创建成功
2017_05_26 09:22:30 INFO    End case: create vm name: ubfoxpshr success

2017_05_26 09:22:33 INFO    enter vm management
2017_05_26 09:22:33 INFO    Begin case: stop vm ubfoxpshr
2017_05_26 09:22:37 INFO    VM ubfoxpshr is stoping
2017_05_26 09:22:50 INFO    云主机ubfoxpshr停止成功
2017_05_26 09:22:50 INFO    End case: stop vm ubfoxpshr

2017_05_26 09:22:50 INFO    Begin case: start vm ubfoxpshr
2017_05_26 09:22:54 INFO    VM ubfoxpshr is starting!
2017_05_26 09:23:12 INFO    云主机ubfoxpshr启动成功
2017_05_26 09:23:12 INFO    End case: start vm ubfoxpshr

2017_05_26 09:23:12 INFO    Begin case: restart vm ubfoxpshr
2017_05_26 09:23:16 INFO    VM ubfoxpshr is restarting
2017_05_26 09:23:44 INFO    云主机ubfoxpshr重启成功
2017_05_26 09:23:44 INFO    End case: restart vm ubfoxpshr

2017_05_26 09:23:44 INFO    Begin case: security management vm ubfoxpshr
2017_05_26 09:23:48 INFO    VM ubfoxpshr 查看密钥
2017_05_26 09:23:51 INFO    End case: security management vm ubfoxpshr

2017_05_26 09:23:54 INFO    Begin case: create disk data0526092354
2017_05_26 09:24:01 INFO    云磁盘data0526092354创建成功
2017_05_26 09:24:01 INFO    End case: create disk data0526092354

2017_05_26 09:24:01 INFO    Begin case:mount disk data0526092354
2017_05_26 09:24:15 INFO    挂载成功
2017_05_26 09:24:16 INFO    End case:mount disk data0526092354

2017_05_26 09:24:16 INFO    Begin case:unmount disk data0526092354
2017_05_26 09:24:16 WARNING VM status is 运行,can not create snapshot,so stop vm first!
2017_05_26 09:24:19 INFO    enter vm management
2017_05_26 09:24:19 INFO    Begin case: stop vm ubfoxpshr
2017_05_26 09:24:23 INFO    VM ubfoxpshr is stoping
2017_05_26 09:24:41 INFO    云主机ubfoxpshr停止成功
2017_05_26 09:24:41 INFO    End case: stop vm ubfoxpshr

2017_05_26 09:24:49 INFO    卸载云磁盘成功
2017_05_26 09:24:50 INFO    End case:unmount disk data0526092354

2017_05_26 09:24:50 INFO    Begin case:disk data0526092354 create snapshot 
2017_05_26 09:25:09 INFO    云磁盘data0526092354创建快照成功
2017_05_26 09:25:11 INFO    snapshot name : detached_data0526092354_20170526012453
2017_05_26 09:25:11 INFO    End case:disk data0526092354 create snapshot 

2017_05_26 09:25:11 INFO    Begin case:delete snapshot  detached_data0526092354_20170526012453 
2017_05_26 09:25:17 INFO    成功删除快照
2017_05_26 09:25:17 INFO    End case: delete snapshot detached_data0526092354_20170526012453

2017_05_26 09:25:17 INFO    Begin case:delete disk data0526092354 
2017_05_26 09:25:22 INFO    云磁盘data0526092354删除成功
2017_05_26 09:25:22 INFO    End case: delete disk data0526092354

2017_05_26 09:25:25 INFO    enter vm management
2017_05_26 09:25:25 INFO    Begin case: delete vm ubfoxpshr
2017_05_26 09:25:44 INFO    云主机ubfoxpshr删除成功
2017_05_26 09:25:44 INFO    End case: delete vm ubfoxpshr

2017_05_26 09:29:16 INFO    Begin case: create vm, name is: wxdweillkxtvkc.
2017_05_26 09:29:19 INFO    Begin case: create vm, name is: hekrtevvpsg.
2017_05_26 09:29:27 INFO    Begin case: create vm, name is: camkeazxbfvjmdkf.
2017_05_26 09:30:45 INFO    云主机wxdweillkxtvkc创建成功
2017_05_26 09:30:46 INFO    End case: create vm name: wxdweillkxtvkc success

2017_05_26 09:30:49 INFO    enter vm management
2017_05_26 09:30:49 INFO    Begin case: stop vm wxdweillkxtvkc
2017_05_26 09:30:52 INFO    云主机camkeazxbfvjmdkf创建成功
2017_05_26 09:30:52 INFO    End case: create vm name: camkeazxbfvjmdkf success

2017_05_26 09:30:53 INFO    VM wxdweillkxtvkc is stoping
2017_05_26 09:30:56 INFO    enter vm management
2017_05_26 09:30:56 INFO    Begin case: stop vm camkeazxbfvjmdkf
2017_05_26 09:31:00 INFO    VM camkeazxbfvjmdkf is stoping
2017_05_26 09:31:02 INFO    云主机hekrtevvpsg创建成功
2017_05_26 09:31:04 INFO    End case: create vm name: hekrtevvpsg success

2017_05_26 09:31:06 INFO    云主机wxdweillkxtvkc停止成功
2017_05_26 09:31:06 INFO    End case: stop vm wxdweillkxtvkc

2017_05_26 09:31:06 INFO    Begin case: start vm wxdweillkxtvkc
2017_05_26 09:31:07 INFO    enter vm management
2017_05_26 09:31:07 INFO    Begin case: stop vm hekrtevvpsg
2017_05_26 09:31:11 INFO    VM hekrtevvpsg is stoping
2017_05_26 09:31:13 INFO    云主机camkeazxbfvjmdkf停止成功
2017_05_26 09:31:13 INFO    End case: stop vm camkeazxbfvjmdkf

2017_05_26 09:31:13 INFO    Begin case: start vm camkeazxbfvjmdkf
2017_05_26 09:31:24 INFO    云主机hekrtevvpsg停止成功
2017_05_26 09:31:24 INFO    End case: stop vm hekrtevvpsg

2017_05_26 09:31:24 INFO    Begin case: start vm hekrtevvpsg
2017_05_26 09:31:28 INFO    VM hekrtevvpsg is starting!
2017_05_26 09:31:51 INFO    云主机hekrtevvpsg启动成功
2017_05_26 09:31:51 INFO    End case: start vm hekrtevvpsg

2017_05_26 09:31:51 INFO    Begin case: restart vm hekrtevvpsg
2017_05_26 09:31:55 INFO    VM hekrtevvpsg is restarting
2017_05_26 09:32:23 INFO    云主机hekrtevvpsg重启成功
2017_05_26 09:32:23 INFO    End case: restart vm hekrtevvpsg

2017_05_26 09:32:23 INFO    Begin case: security management vm hekrtevvpsg
2017_05_26 09:32:27 INFO    VM hekrtevvpsg 查看密钥
2017_05_26 09:32:30 INFO    End case: security management vm hekrtevvpsg

2017_05_26 09:32:33 INFO    Begin case: create disk data0526093233
2017_05_26 09:32:41 INFO    云磁盘data0526093233创建成功
2017_05_26 09:32:41 INFO    End case: create disk data0526093233

2017_05_26 09:32:41 INFO    Begin case:mount disk data0526093233
2017_05_26 09:32:50 INFO    挂载成功
2017_05_26 09:32:50 INFO    End case:mount disk data0526093233

2017_05_26 09:32:50 INFO    Begin case:unmount disk data0526093233
2017_05_26 09:32:50 WARNING VM status is 运行,can not create snapshot,so stop vm first!
2017_05_26 09:32:53 INFO    enter vm management
2017_05_26 09:32:53 INFO    Begin case: stop vm hekrtevvpsg
2017_05_26 09:32:57 INFO    VM hekrtevvpsg is stoping
2017_05_26 09:33:15 INFO    云主机hekrtevvpsg停止成功
2017_05_26 09:33:15 INFO    End case: stop vm hekrtevvpsg

2017_05_26 09:33:24 INFO    卸载云磁盘成功
2017_05_26 09:33:24 INFO    End case:unmount disk data0526093233

2017_05_26 09:33:24 INFO    Begin case:disk data0526093233 create snapshot 
2017_05_26 09:33:43 INFO    云磁盘data0526093233创建快照成功
2017_05_26 09:33:45 INFO    snapshot name : detached_data0526093233_20170526013327
2017_05_26 09:33:45 INFO    End case:disk data0526093233 create snapshot 

2017_05_26 09:33:45 INFO    Begin case:delete snapshot  detached_data0526093233_20170526013327 
2017_05_26 09:33:51 INFO    成功删除快照
2017_05_26 09:33:51 INFO    End case: delete snapshot detached_data0526093233_20170526013327

2017_05_26 09:33:51 INFO    Begin case:delete disk data0526093233 
2017_05_26 09:33:55 INFO    云磁盘data0526093233删除成功
2017_05_26 09:33:55 INFO    End case: delete disk data0526093233

2017_05_26 09:33:58 INFO    enter vm management
2017_05_26 09:33:58 INFO    Begin case: delete vm hekrtevvpsg
2017_05_26 09:34:17 INFO    云主机hekrtevvpsg删除成功
2017_05_26 09:34:17 INFO    End case: delete vm hekrtevvpsg

2017_05_26 09:39:36 INFO    Begin case: create vm, name is: jhzsvmjpimrkcq.
2017_05_26 09:39:40 INFO    Begin case: create vm, name is: oxmnja.
2017_05_26 09:41:00 INFO    云主机jhzsvmjpimrkcq创建成功
2017_05_26 09:41:02 INFO    End case: create vm name: jhzsvmjpimrkcq success

2017_05_26 09:41:03 INFO    云主机oxmnja创建成功
2017_05_26 09:41:04 INFO    End case: create vm name: oxmnja success

2017_05_26 09:41:05 INFO    enter vm management
2017_05_26 09:41:05 INFO    Begin case: stop vm jhzsvmjpimrkcq
2017_05_26 09:41:07 INFO    enter vm management
2017_05_26 09:41:07 INFO    Begin case: stop vm oxmnja
2017_05_26 09:41:10 INFO    VM jhzsvmjpimrkcq is stoping
2017_05_26 09:41:11 INFO    VM oxmnja is stoping
2017_05_26 09:41:23 INFO    云主机jhzsvmjpimrkcq停止成功
2017_05_26 09:41:23 INFO    End case: stop vm jhzsvmjpimrkcq

2017_05_26 09:41:23 INFO    Begin case: start vm jhzsvmjpimrkcq
2017_05_26 09:41:24 INFO    云主机oxmnja停止成功
2017_05_26 09:41:24 INFO    End case: stop vm oxmnja

2017_05_26 09:41:24 INFO    Begin case: start vm oxmnja
2017_05_26 09:41:27 INFO    VM jhzsvmjpimrkcq is starting!
2017_05_26 09:41:29 INFO    VM oxmnja is starting!
2017_05_26 09:41:50 INFO    云主机jhzsvmjpimrkcq启动成功
2017_05_26 09:41:50 INFO    End case: start vm jhzsvmjpimrkcq

2017_05_26 09:41:50 INFO    Begin case: restart vm jhzsvmjpimrkcq
2017_05_26 09:41:51 INFO    云主机oxmnja启动成功
2017_05_26 09:41:51 INFO    End case: start vm oxmnja

2017_05_26 09:41:51 INFO    Begin case: restart vm oxmnja
2017_05_26 09:41:54 INFO    VM jhzsvmjpimrkcq is restarting
2017_05_26 09:41:56 INFO    VM oxmnja is restarting
2017_05_26 09:42:17 INFO    云主机jhzsvmjpimrkcq重启成功
2017_05_26 09:42:17 INFO    End case: restart vm jhzsvmjpimrkcq

2017_05_26 09:42:17 INFO    Begin case: security management vm jhzsvmjpimrkcq
2017_05_26 09:42:21 INFO    VM jhzsvmjpimrkcq 查看密钥
2017_05_26 09:42:24 INFO    云主机oxmnja重启成功
2017_05_26 09:42:24 INFO    End case: restart vm oxmnja

2017_05_26 09:42:24 INFO    Begin case: security management vm oxmnja
2017_05_26 09:42:24 INFO    End case: security management vm jhzsvmjpimrkcq

2017_05_26 09:42:27 INFO    Begin case: create disk data0526094227
2017_05_26 09:42:28 INFO    VM oxmnja 查看密钥
2017_05_26 09:42:31 INFO    End case: security management vm oxmnja

2017_05_26 09:42:34 INFO    Begin case: create disk data0526094234
2017_05_26 09:42:34 INFO    云磁盘data0526094227创建成功
2017_05_26 09:42:34 INFO    End case: create disk data0526094227

2017_05_26 09:42:34 INFO    Begin case:mount disk data0526094227
2017_05_26 09:42:42 INFO    云磁盘data0526094234创建成功
2017_05_26 09:42:42 INFO    End case: create disk data0526094234

2017_05_26 09:42:42 INFO    Begin case:mount disk data0526094234
2017_05_26 09:42:44 INFO    挂载成功
2017_05_26 09:42:44 INFO    End case:mount disk data0526094227

2017_05_26 09:42:44 INFO    Begin case:unmount disk data0526094227
2017_05_26 09:42:44 WARNING VM status is 运行,can not create snapshot,so stop vm first!
2017_05_26 09:42:47 INFO    enter vm management
2017_05_26 09:42:47 INFO    Begin case: stop vm jhzsvmjpimrkcq
2017_05_26 09:42:50 INFO    挂载成功
2017_05_26 09:42:51 INFO    End case:mount disk data0526094234

2017_05_26 09:42:51 INFO    Begin case:unmount disk data0526094234
2017_05_26 09:42:51 WARNING VM status is 运行,can not create snapshot,so stop vm first!
2017_05_26 09:42:52 INFO    VM jhzsvmjpimrkcq is stoping
2017_05_26 09:42:54 INFO    enter vm management
2017_05_26 09:42:54 INFO    Begin case: stop vm oxmnja
2017_05_26 09:42:58 INFO    VM oxmnja is stoping
2017_05_26 09:43:05 INFO    云主机jhzsvmjpimrkcq停止成功
2017_05_26 09:43:05 INFO    End case: stop vm jhzsvmjpimrkcq

2017_05_26 09:43:13 INFO    卸载云磁盘成功
2017_05_26 09:43:13 INFO    End case:unmount disk data0526094227

2017_05_26 09:43:14 INFO    Begin case:disk data0526094227 create snapshot 
2017_05_26 09:43:16 INFO    云主机oxmnja停止成功
2017_05_26 09:43:16 INFO    End case: stop vm oxmnja

2017_05_26 09:43:25 INFO    卸载云磁盘成功
2017_05_26 09:43:25 INFO    End case:unmount disk data0526094234

2017_05_26 09:43:25 INFO    Begin case:disk data0526094234 create snapshot 
2017_05_26 09:43:38 INFO    云磁盘data0526094227创建快照成功
2017_05_26 09:43:39 INFO    snapshot name : detached_data0526094227_20170526014316
2017_05_26 09:43:39 INFO    End case:disk data0526094227 create snapshot 

2017_05_26 09:43:39 INFO    Begin case:delete snapshot  detached_data0526094227_20170526014316 
2017_05_26 09:43:44 INFO    云磁盘data0526094234创建快照成功
2017_05_26 09:43:45 INFO    成功删除快照
2017_05_26 09:43:45 INFO    End case: delete snapshot detached_data0526094227_20170526014316

2017_05_26 09:43:45 INFO    Begin case:delete disk data0526094227 
2017_05_26 09:43:45 INFO    snapshot name : detached_data0526094234_20170526014328
2017_05_26 09:43:45 INFO    End case:disk data0526094234 create snapshot 

2017_05_26 09:43:45 INFO    Begin case:delete snapshot  detached_data0526094234_20170526014328 
2017_05_26 09:43:50 INFO    云磁盘data0526094227删除成功
2017_05_26 09:43:50 INFO    End case: delete disk data0526094227

2017_05_26 09:43:52 INFO    成功删除快照
2017_05_26 09:43:52 INFO    End case: delete snapshot detached_data0526094234_20170526014328

2017_05_26 09:43:52 INFO    Begin case:delete disk data0526094234 
2017_05_26 09:43:53 INFO    enter vm management
2017_05_26 09:43:53 INFO    Begin case: delete vm jhzsvmjpimrkcq
2017_05_26 09:43:59 INFO    云磁盘data0526094234删除成功
2017_05_26 09:43:59 INFO    End case: delete disk data0526094234

2017_05_26 09:44:02 INFO    enter vm management
2017_05_26 09:44:02 INFO    Begin case: delete vm oxmnja
2017_05_26 09:44:12 INFO    云主机jhzsvmjpimrkcq删除成功
2017_05_26 09:44:12 INFO    End case: delete vm jhzsvmjpimrkcq

2017_05_26 09:44:21 INFO    云主机oxmnja删除成功
2017_05_26 09:44:21 INFO    End case: delete vm oxmnja

2017_05_26 09:46:38 INFO    Begin case: create vm, name is: ulqlsesexjgwqp.
2017_05_26 09:47:57 INFO    Begin case: create vm, name is: yctebezv.
2017_05_26 09:48:02 INFO    云主机ulqlsesexjgwqp创建成功
2017_05_26 09:48:04 INFO    End case: create vm name: ulqlsesexjgwqp success

2017_05_26 09:48:07 INFO    enter vm management
2017_05_26 09:48:07 INFO    Begin case: stop vm ulqlsesexjgwqp
2017_05_26 09:48:11 INFO    VM ulqlsesexjgwqp is stoping
2017_05_26 09:48:24 INFO    云主机ulqlsesexjgwqp停止成功
2017_05_26 09:48:24 INFO    End case: stop vm ulqlsesexjgwqp

2017_05_26 09:48:24 INFO    Begin case: start vm ulqlsesexjgwqp
2017_05_26 09:48:24 INFO    Begin case: create vm, name is: ljcux.
2017_05_26 09:48:28 INFO    VM ulqlsesexjgwqp is starting!
2017_05_26 09:48:51 INFO    云主机ulqlsesexjgwqp启动成功
2017_05_26 09:48:51 INFO    End case: start vm ulqlsesexjgwqp

2017_05_26 09:48:51 INFO    Begin case: restart vm ulqlsesexjgwqp
2017_05_26 09:48:55 INFO    VM ulqlsesexjgwqp is restarting
2017_05_26 09:49:23 INFO    云主机ulqlsesexjgwqp重启成功
2017_05_26 09:49:23 INFO    End case: restart vm ulqlsesexjgwqp

2017_05_26 09:49:23 INFO    Begin case: security management vm ulqlsesexjgwqp
2017_05_26 09:49:28 INFO    VM ulqlsesexjgwqp 查看密钥
2017_05_26 09:49:31 INFO    End case: security management vm ulqlsesexjgwqp

2017_05_26 09:49:32 INFO    云主机yctebezv创建成功
2017_05_26 09:49:34 INFO    End case: create vm name: yctebezv success

2017_05_26 09:49:34 INFO    Begin case: create disk data0526094934
2017_05_26 09:49:37 INFO    enter vm management
2017_05_26 09:49:37 INFO    Begin case: stop vm yctebezv
2017_05_26 09:49:41 INFO    云磁盘data0526094934创建成功
2017_05_26 09:49:41 INFO    End case: create disk data0526094934

2017_05_26 09:49:41 INFO    Begin case:mount disk data0526094934
2017_05_26 09:49:41 INFO    VM yctebezv is stoping
2017_05_26 09:49:49 INFO    云主机ljcux创建成功
2017_05_26 09:49:50 INFO    End case: create vm name: ljcux success

2017_05_26 09:49:53 INFO    enter vm management
2017_05_26 09:49:53 INFO    Begin case: stop vm ljcux
2017_05_26 09:49:54 INFO    云主机yctebezv停止成功
2017_05_26 09:49:54 INFO    End case: stop vm yctebezv

2017_05_26 09:49:54 INFO    Begin case: start vm yctebezv
2017_05_26 09:49:55 INFO    挂载成功
2017_05_26 09:49:55 INFO    End case:mount disk data0526094934

2017_05_26 09:49:55 INFO    Begin case:unmount disk data0526094934
2017_05_26 09:49:56 WARNING VM status is 运行,can not create snapshot,so stop vm first!
2017_05_26 09:49:59 INFO    enter vm management
2017_05_26 09:49:59 INFO    Begin case: stop vm ulqlsesexjgwqp
2017_05_26 09:50:03 INFO    VM ulqlsesexjgwqp is stoping
2017_05_26 09:50:21 INFO    云主机ulqlsesexjgwqp停止成功
2017_05_26 09:50:21 INFO    End case: stop vm ulqlsesexjgwqp

2017_05_26 09:50:30 INFO    卸载云磁盘成功
2017_05_26 09:50:30 INFO    End case:unmount disk data0526094934

2017_05_26 09:50:30 INFO    Begin case:disk data0526094934 create snapshot 
2017_05_26 09:50:49 INFO    云磁盘data0526094934创建快照成功
2017_05_26 09:50:51 INFO    snapshot name : detached_data0526094934_20170526015033
2017_05_26 09:50:51 INFO    End case:disk data0526094934 create snapshot 

2017_05_26 09:50:51 INFO    Begin case:delete snapshot  detached_data0526094934_20170526015033 
2017_05_26 09:50:57 INFO    成功删除快照
2017_05_26 09:50:57 INFO    End case: delete snapshot detached_data0526094934_20170526015033

2017_05_26 09:50:57 INFO    Begin case:delete disk data0526094934 
2017_05_26 09:51:02 INFO    云磁盘data0526094934删除成功
2017_05_26 09:51:02 INFO    End case: delete disk data0526094934

2017_05_26 09:51:05 INFO    enter vm management
2017_05_26 09:51:05 INFO    Begin case: delete vm ulqlsesexjgwqp
2017_05_26 09:51:24 INFO    云主机ulqlsesexjgwqp删除成功
2017_05_26 09:51:24 INFO    End case: delete vm ulqlsesexjgwqp

2017_05_26 09:51:29 INFO    VM yctebezv is starting!
2017_05_26 09:51:52 INFO    云主机yctebezv启动成功
2017_05_26 09:51:52 INFO    End case: start vm yctebezv

2017_05_26 09:51:52 INFO    Begin case: restart vm yctebezv
2017_05_26 09:51:56 INFO    VM yctebezv is restarting
2017_05_26 09:52:24 INFO    云主机yctebezv重启成功
2017_05_26 09:52:24 INFO    End case: restart vm yctebezv

2017_05_26 09:52:24 INFO    Begin case: security management vm yctebezv
2017_05_26 09:52:28 INFO    VM yctebezv 查看密钥
2017_05_26 09:52:31 INFO    End case: security management vm yctebezv

2017_05_26 09:52:35 INFO    Begin case: create disk data0526095235
2017_05_26 09:52:42 INFO    云磁盘data0526095235创建成功
2017_05_26 09:52:42 INFO    End case: create disk data0526095235

2017_05_26 09:52:42 INFO    Begin case:mount disk data0526095235
2017_05_26 09:52:56 INFO    挂载成功
2017_05_26 09:52:56 INFO    End case:mount disk data0526095235

2017_05_26 09:52:56 INFO    Begin case:unmount disk data0526095235
2017_05_26 09:52:56 WARNING VM status is 运行,can not create snapshot,so stop vm first!
2017_05_26 09:53:00 INFO    enter vm management
2017_05_26 09:53:00 INFO    Begin case: stop vm yctebezv
2017_05_26 09:53:04 INFO    VM yctebezv is stoping
2017_05_26 09:53:22 INFO    云主机yctebezv停止成功
2017_05_26 09:53:22 INFO    End case: stop vm yctebezv

2017_05_26 09:53:31 INFO    卸载云磁盘成功
2017_05_26 09:53:31 INFO    End case:unmount disk data0526095235

2017_05_26 09:53:31 INFO    Begin case:disk data0526095235 create snapshot 
2017_05_26 09:53:55 INFO    云磁盘data0526095235创建快照成功
2017_05_26 09:53:56 INFO    snapshot name : detached_data0526095235_20170526015334
2017_05_26 09:53:56 INFO    End case:disk data0526095235 create snapshot 

2017_05_26 09:53:56 INFO    Begin case:delete snapshot  detached_data0526095235_20170526015334 
2017_05_26 09:54:03 INFO    成功删除快照
2017_05_26 09:54:03 INFO    End case: delete snapshot detached_data0526095235_20170526015334

2017_05_26 09:54:03 INFO    Begin case:delete disk data0526095235 
2017_05_26 09:54:08 INFO    云磁盘data0526095235删除成功
2017_05_26 09:54:08 INFO    End case: delete disk data0526095235

2017_05_26 09:54:11 INFO    enter vm management
2017_05_26 09:54:11 INFO    Begin case: delete vm yctebezv
2017_05_26 09:54:29 INFO    云主机yctebezv删除成功
2017_05_26 09:54:29 INFO    End case: delete vm yctebezv

2017_05_26 09:58:19 INFO    Begin case: create vm, name is: uqbzkxvxtiuntk.
2017_05_26 09:58:30 INFO    Begin case: create vm, name is: qwmznhoyis.
2017_05_26 09:58:35 INFO    Begin case: create vm, name is: sausyihkussdmjkhs.
2017_05_26 09:59:44 INFO    云主机uqbzkxvxtiuntk创建成功
2017_05_26 09:59:45 INFO    End case: create vm name: uqbzkxvxtiuntk success

2017_05_26 09:59:45 INFO    enter vm management
2017_05_26 09:59:45 INFO    Begin case: stop vm uqbzkxvxtiuntk
2017_05_26 09:59:58 INFO    云主机sausyihkussdmjkhs创建成功
2017_05_26 09:59:59 INFO    云主机qwmznhoyis创建成功
2017_05_26 10:00:01 INFO    End case: create vm name: qwmznhoyis success

2017_05_26 10:00:01 INFO    enter vm management
2017_05_26 10:00:01 INFO    Begin case: stop vm qwmznhoyis
2017_05_26 10:00:02 INFO    VM qwmznhoyis is stoping
2017_05_26 10:00:20 INFO    云主机qwmznhoyis停止成功
2017_05_26 10:00:20 INFO    End case: stop vm qwmznhoyis

2017_05_26 10:00:20 INFO    Begin case: start vm qwmznhoyis
2017_05_26 10:00:22 INFO    VM qwmznhoyis is starting!
2017_05_26 10:00:45 INFO    云主机qwmznhoyis启动成功
2017_05_26 10:00:45 INFO    End case: start vm qwmznhoyis

2017_05_26 10:00:45 INFO    Begin case: restart vm qwmznhoyis
2017_05_26 10:00:46 INFO    VM qwmznhoyis is restarting
2017_05_26 10:00:48 INFO    VM uqbzkxvxtiuntk is stoping
2017_05_26 10:01:01 INFO    云主机uqbzkxvxtiuntk停止成功
2017_05_26 10:01:01 INFO    End case: stop vm uqbzkxvxtiuntk

2017_05_26 10:01:01 INFO    Begin case: start vm uqbzkxvxtiuntk
2017_05_26 10:01:02 INFO    End case: create vm name: sausyihkussdmjkhs success

2017_05_26 10:01:02 INFO    VM uqbzkxvxtiuntk is starting!
2017_05_26 10:01:02 INFO    enter vm management
2017_05_26 10:01:02 INFO    Begin case: stop vm sausyihkussdmjkhs
2017_05_26 10:01:14 INFO    云主机qwmznhoyis重启成功
2017_05_26 10:01:14 INFO    End case: restart vm qwmznhoyis

2017_05_26 10:01:14 INFO    Begin case: security management vm qwmznhoyis
2017_05_26 10:01:16 INFO    VM qwmznhoyis 查看密钥
2017_05_26 10:01:16 INFO    End case: security management vm qwmznhoyis

2017_05_26 10:01:19 INFO    Begin case: create disk data0526100119
2017_05_26 10:01:27 INFO    云磁盘data0526100119创建成功
2017_05_26 10:01:27 INFO    End case: create disk data0526100119

2017_05_26 10:01:27 INFO    Begin case:mount disk data0526100119
2017_05_26 10:01:30 INFO    云主机uqbzkxvxtiuntk启动成功
2017_05_26 10:01:30 INFO    End case: start vm uqbzkxvxtiuntk

2017_05_26 10:01:30 INFO    Begin case: restart vm uqbzkxvxtiuntk
2017_05_26 10:01:32 INFO    VM uqbzkxvxtiuntk is restarting
2017_05_26 10:01:40 INFO    挂载成功
2017_05_26 10:01:41 INFO    End case:mount disk data0526100119

2017_05_26 10:01:41 INFO    Begin case:unmount disk data0526100119
2017_05_26 10:01:41 WARNING VM status is 运行,can not create snapshot,so stop vm first!
2017_05_26 10:01:41 INFO    enter vm management
2017_05_26 10:01:41 INFO    Begin case: stop vm qwmznhoyis
2017_05_26 10:01:44 INFO    VM qwmznhoyis is stoping
2017_05_26 10:01:55 INFO    云主机uqbzkxvxtiuntk重启成功
2017_05_26 10:01:55 INFO    End case: restart vm uqbzkxvxtiuntk

2017_05_26 10:01:55 INFO    Begin case: security management vm uqbzkxvxtiuntk
2017_05_26 10:01:56 INFO    VM uqbzkxvxtiuntk 查看密钥
2017_05_26 10:01:56 INFO    End case: security management vm uqbzkxvxtiuntk

2017_05_26 10:02:00 INFO    Begin case: create disk data0526100200
2017_05_26 10:02:02 INFO    云主机qwmznhoyis停止成功
2017_05_26 10:02:02 INFO    End case: stop vm qwmznhoyis

2017_05_26 10:02:07 INFO    云磁盘data0526100200创建成功
2017_05_26 10:02:07 INFO    End case: create disk data0526100200

2017_05_26 10:02:07 INFO    Begin case:mount disk data0526100200
2017_05_26 10:02:11 INFO    卸载云磁盘成功
2017_05_26 10:02:11 INFO    End case:unmount disk data0526100119

2017_05_26 10:02:11 INFO    Begin case:disk data0526100119 create snapshot 
2017_05_26 10:02:18 INFO    挂载成功
2017_05_26 10:02:18 INFO    End case:mount disk data0526100200

2017_05_26 10:02:18 INFO    Begin case:unmount disk data0526100200
2017_05_26 10:02:18 WARNING VM status is 运行,can not create snapshot,so stop vm first!
2017_05_26 10:02:18 INFO    enter vm management
2017_05_26 10:02:18 INFO    Begin case: stop vm uqbzkxvxtiuntk
2017_05_26 10:02:21 INFO    VM uqbzkxvxtiuntk is stoping
2017_05_26 10:02:33 INFO    云主机uqbzkxvxtiuntk停止成功
2017_05_26 10:02:33 INFO    End case: stop vm uqbzkxvxtiuntk

2017_05_26 10:02:42 INFO    卸载云磁盘成功
2017_05_26 10:02:42 INFO    End case:unmount disk data0526100200

2017_05_26 10:02:42 INFO    Begin case:disk data0526100200 create snapshot 
2017_05_26 10:03:01 INFO    云磁盘data0526100200创建快照成功
2017_05_26 10:03:02 INFO    snapshot name : detached_data0526100200_20170526020245
2017_05_26 10:03:02 INFO    End case:disk data0526100200 create snapshot 

2017_05_26 10:03:02 INFO    Begin case:delete snapshot  detached_data0526100200_20170526020245 
2017_05_26 10:03:09 INFO    成功删除快照
2017_05_26 10:03:09 INFO    End case: delete snapshot detached_data0526100200_20170526020245

2017_05_26 10:03:09 INFO    Begin case:delete disk data0526100200 
2017_05_26 10:03:13 INFO    云磁盘data0526100200删除成功
2017_05_26 10:03:13 INFO    End case: delete disk data0526100200

2017_05_26 10:03:14 INFO    enter vm management
2017_05_26 10:03:14 INFO    Begin case: delete vm uqbzkxvxtiuntk
2017_05_26 10:03:27 INFO    云主机uqbzkxvxtiuntk删除成功
2017_05_26 10:03:27 INFO    End case: delete vm uqbzkxvxtiuntk

2017_05_26 10:03:30 INFO    云磁盘data0526100119创建快照成功
2017_05_26 10:03:32 INFO    snapshot name : detached_data0526100119_20170526020314
2017_05_26 10:03:32 INFO    End case:disk data0526100119 create snapshot 

2017_05_26 10:03:32 INFO    Begin case:delete snapshot  detached_data0526100119_20170526020314 
2017_05_26 10:03:38 INFO    成功删除快照
2017_05_26 10:03:38 INFO    End case: delete snapshot detached_data0526100119_20170526020314

2017_05_26 10:03:38 INFO    Begin case:delete disk data0526100119 
2017_05_26 10:03:43 INFO    云磁盘data0526100119删除成功
2017_05_26 10:03:43 INFO    End case: delete disk data0526100119

2017_05_26 10:03:43 INFO    enter vm management
2017_05_26 10:03:43 INFO    Begin case: delete vm qwmznhoyis
2017_05_26 10:03:56 INFO    云主机qwmznhoyis删除成功
2017_05_26 10:03:56 INFO    End case: delete vm qwmznhoyis

2017_05_26 10:10:46 INFO    Begin case: create vm, name is: dyoiraj.
2017_05_26 10:11:22 INFO    Begin case: create vm, name is: xpztouysbjnwpyh.
2017_05_26 10:11:56 INFO    Begin case: create vm, name is: ljdognxlx.
2017_05_26 10:12:11 INFO    云主机dyoiraj创建成功
2017_05_26 10:12:12 INFO    End case: create vm name: dyoiraj success

2017_05_26 10:12:12 INFO    enter vm management
2017_05_26 10:12:12 INFO    Begin case: stop vm dyoiraj
2017_05_26 10:12:47 INFO    云主机xpztouysbjnwpyh创建成功
2017_05_26 10:12:48 INFO    End case: create vm name: xpztouysbjnwpyh success

2017_05_26 10:12:48 INFO    enter vm management
2017_05_26 10:12:48 INFO    Begin case: stop vm xpztouysbjnwpyh
2017_05_26 10:13:15 INFO    VM dyoiraj is stoping
2017_05_26 10:13:20 INFO    云主机ljdognxlx创建成功
2017_05_26 10:13:23 INFO    End case: create vm name: ljdognxlx success

2017_05_26 10:13:23 INFO    enter vm management
2017_05_26 10:13:23 INFO    Begin case: stop vm ljdognxlx
2017_05_26 10:13:28 INFO    云主机dyoiraj停止成功
2017_05_26 10:13:28 INFO    End case: stop vm dyoiraj

2017_05_26 10:13:28 INFO    Begin case: start vm dyoiraj
2017_05_26 10:13:51 INFO    VM xpztouysbjnwpyh is stoping
2017_05_26 10:14:04 INFO    云主机xpztouysbjnwpyh停止成功
2017_05_26 10:14:04 INFO    End case: stop vm xpztouysbjnwpyh

2017_05_26 10:14:04 INFO    Begin case: start vm xpztouysbjnwpyh
2017_05_26 10:14:06 INFO    VM xpztouysbjnwpyh is starting!
2017_05_26 10:14:26 INFO    VM ljdognxlx is stoping
2017_05_26 10:14:28 INFO    云主机xpztouysbjnwpyh启动成功
2017_05_26 10:14:28 INFO    End case: start vm xpztouysbjnwpyh

2017_05_26 10:14:28 INFO    Begin case: restart vm xpztouysbjnwpyh
2017_05_26 10:14:30 INFO    VM xpztouysbjnwpyh is restarting
2017_05_26 10:14:39 INFO    云主机ljdognxlx停止成功
2017_05_26 10:14:39 INFO    End case: stop vm ljdognxlx

2017_05_26 10:14:39 INFO    Begin case: start vm ljdognxlx
2017_05_26 10:14:40 INFO    VM ljdognxlx is starting!
2017_05_26 10:14:58 INFO    云主机xpztouysbjnwpyh重启成功
2017_05_26 10:14:58 INFO    End case: restart vm xpztouysbjnwpyh

2017_05_26 10:14:58 INFO    Begin case: security management vm xpztouysbjnwpyh
2017_05_26 10:15:00 INFO    VM xpztouysbjnwpyh 查看密钥
2017_05_26 10:15:00 INFO    End case: security management vm xpztouysbjnwpyh

2017_05_26 10:15:03 INFO    Begin case: create disk data0526101503
2017_05_26 10:15:03 INFO    云主机ljdognxlx启动成功
2017_05_26 10:15:03 INFO    End case: start vm ljdognxlx

2017_05_26 10:15:03 INFO    Begin case: restart vm ljdognxlx
2017_05_26 10:15:05 INFO    VM ljdognxlx is restarting
2017_05_26 10:15:11 INFO    云磁盘data0526101503创建成功
2017_05_26 10:15:11 INFO    End case: create disk data0526101503

2017_05_26 10:15:11 INFO    Begin case:mount disk data0526101503
2017_05_26 10:15:19 INFO    挂载成功
2017_05_26 10:15:20 INFO    End case:mount disk data0526101503

2017_05_26 10:15:20 INFO    Begin case:unmount disk data0526101503
2017_05_26 10:15:20 WARNING VM status is 运行,can not create snapshot,so stop vm first!
2017_05_26 10:15:20 INFO    enter vm management
2017_05_26 10:15:20 INFO    Begin case: stop vm xpztouysbjnwpyh
2017_05_26 10:15:23 INFO    VM xpztouysbjnwpyh is stoping
2017_05_26 10:15:33 INFO    云主机ljdognxlx重启成功
2017_05_26 10:15:33 INFO    End case: restart vm ljdognxlx

2017_05_26 10:15:33 INFO    Begin case: security management vm ljdognxlx
2017_05_26 10:15:35 INFO    VM ljdognxlx 查看密钥
2017_05_26 10:15:35 INFO    End case: security management vm ljdognxlx

2017_05_26 10:15:38 INFO    Begin case: create disk data0526101538
2017_05_26 10:15:41 INFO    云主机xpztouysbjnwpyh停止成功
2017_05_26 10:15:41 INFO    End case: stop vm xpztouysbjnwpyh

2017_05_26 10:15:45 INFO    云磁盘data0526101538创建成功
2017_05_26 10:15:45 INFO    End case: create disk data0526101538

2017_05_26 10:15:45 INFO    Begin case:mount disk data0526101538
2017_05_26 10:15:50 INFO    卸载云磁盘成功
2017_05_26 10:15:50 INFO    End case:unmount disk data0526101503

2017_05_26 10:15:50 INFO    Begin case:disk data0526101503 create snapshot 
2017_05_26 10:15:59 INFO    挂载成功
2017_05_26 10:15:59 INFO    End case:mount disk data0526101538

2017_05_26 10:15:59 INFO    Begin case:unmount disk data0526101538
2017_05_26 10:16:00 WARNING VM status is 运行,can not create snapshot,so stop vm first!
2017_05_26 10:16:00 INFO    enter vm management
2017_05_26 10:16:00 INFO    Begin case: stop vm ljdognxlx
2017_05_26 10:16:02 INFO    VM ljdognxlx is stoping
2017_05_26 10:16:20 INFO    云主机ljdognxlx停止成功
2017_05_26 10:16:20 INFO    End case: stop vm ljdognxlx

2017_05_26 10:16:29 INFO    卸载云磁盘成功
2017_05_26 10:16:29 INFO    End case:unmount disk data0526101538

2017_05_26 10:16:29 INFO    Begin case:disk data0526101538 create snapshot 
2017_05_26 10:16:48 INFO    云磁盘data0526101538创建快照成功
2017_05_26 10:16:49 INFO    snapshot name : detached_data0526101538_20170526021632
2017_05_26 10:16:49 INFO    End case:disk data0526101538 create snapshot 

2017_05_26 10:16:49 INFO    Begin case:delete snapshot  detached_data0526101538_20170526021632 
2017_05_26 10:16:56 INFO    成功删除快照
2017_05_26 10:16:56 INFO    End case: delete snapshot detached_data0526101538_20170526021632

2017_05_26 10:16:56 INFO    Begin case:delete disk data0526101538 
2017_05_26 10:17:00 INFO    云磁盘data0526101538删除成功
2017_05_26 10:17:00 INFO    End case: delete disk data0526101538

2017_05_26 10:17:01 INFO    enter vm management
2017_05_26 10:17:01 INFO    Begin case: delete vm ljdognxlx
2017_05_26 10:17:09 INFO    云磁盘data0526101503创建快照成功
2017_05_26 10:17:11 INFO    snapshot name : detached_data0526101503_20170526021653
2017_05_26 10:17:11 INFO    End case:disk data0526101503 create snapshot 

2017_05_26 10:17:11 INFO    Begin case:delete snapshot  detached_data0526101503_20170526021653 
2017_05_26 10:17:17 INFO    成功删除快照
2017_05_26 10:17:17 INFO    End case: delete snapshot detached_data0526101503_20170526021653

2017_05_26 10:17:17 INFO    Begin case:delete disk data0526101503 
2017_05_26 10:17:22 INFO    云磁盘data0526101503删除成功
2017_05_26 10:17:22 INFO    End case: delete disk data0526101503

2017_05_26 10:17:22 INFO    enter vm management
2017_05_26 10:17:22 INFO    Begin case: delete vm xpztouysbjnwpyh
2017_05_26 10:17:35 INFO    云主机xpztouysbjnwpyh删除成功
2017_05_26 10:17:35 INFO    End case: delete vm xpztouysbjnwpyh

2017_05_26 10:19:52 INFO    Begin case: create vm, name is: yisyenddh.
2017_05_26 10:20:02 WARNING 云主机ljdognxlx删除超时
2017_05_26 10:20:02 INFO    End case: delete vm ljdognxlx

2017_05_26 10:21:17 INFO    云主机yisyenddh创建成功
2017_05_26 10:22:20 INFO    End case: create vm name: yisyenddh success

2017_05_26 10:22:20 INFO    enter vm management
2017_05_26 10:22:20 INFO    Begin case: stop vm yisyenddh
2017_05_26 10:23:23 INFO    VM yisyenddh is stoping
2017_05_26 10:23:36 INFO    云主机yisyenddh停止成功
2017_05_26 10:23:36 INFO    End case: stop vm yisyenddh

2017_05_26 10:23:36 INFO    Begin case: start vm yisyenddh
2017_05_26 10:23:38 INFO    VM yisyenddh is starting!
2017_05_26 10:24:01 INFO    云主机yisyenddh启动成功
2017_05_26 10:24:01 INFO    End case: start vm yisyenddh

2017_05_26 10:24:01 INFO    Begin case: restart vm yisyenddh
2017_05_26 10:24:02 INFO    VM yisyenddh is restarting
2017_05_26 10:24:30 INFO    云主机yisyenddh重启成功
2017_05_26 10:24:30 INFO    End case: restart vm yisyenddh

2017_05_26 10:24:30 INFO    Begin case: security management vm yisyenddh
2017_05_26 10:24:32 INFO    VM yisyenddh 查看密钥
2017_05_26 10:24:32 INFO    End case: security management vm yisyenddh

2017_05_26 10:24:35 INFO    Begin case: create disk data0526102435
2017_05_26 10:24:43 INFO    云磁盘data0526102435创建成功
2017_05_26 10:24:43 INFO    End case: create disk data0526102435

2017_05_26 10:24:43 INFO    Begin case:mount disk data0526102435
2017_05_26 10:24:57 INFO    挂载成功
2017_05_26 10:24:57 INFO    End case:mount disk data0526102435

2017_05_26 10:24:57 INFO    Begin case:unmount disk data0526102435
2017_05_26 10:24:57 WARNING VM status is 运行,can not create snapshot,so stop vm first!
2017_05_26 10:24:57 INFO    enter vm management
2017_05_26 10:24:57 INFO    Begin case: stop vm yisyenddh
2017_05_26 10:25:00 INFO    VM yisyenddh is stoping
2017_05_26 10:25:18 INFO    云主机yisyenddh停止成功
2017_05_26 10:25:18 INFO    End case: stop vm yisyenddh

2017_05_26 10:25:27 INFO    卸载云磁盘成功
2017_05_26 10:25:27 INFO    End case:unmount disk data0526102435

2017_05_26 10:25:27 INFO    Begin case:disk data0526102435 create snapshot 
2017_05_26 10:25:46 INFO    云磁盘data0526102435创建快照成功
2017_05_26 10:25:47 INFO    snapshot name : detached_data0526102435_20170526022530
2017_05_26 10:25:47 INFO    End case:disk data0526102435 create snapshot 

2017_05_26 10:25:47 INFO    Begin case:delete snapshot  detached_data0526102435_20170526022530 
2017_05_26 10:25:53 INFO    成功删除快照
2017_05_26 10:25:53 INFO    End case: delete snapshot detached_data0526102435_20170526022530

2017_05_26 10:25:53 INFO    Begin case:delete disk data0526102435 
2017_05_26 10:25:58 INFO    云磁盘data0526102435删除成功
2017_05_26 10:25:58 INFO    End case: delete disk data0526102435

2017_05_26 10:25:58 INFO    enter vm management
2017_05_26 10:25:58 INFO    Begin case: delete vm yisyenddh
2017_05_26 10:26:12 INFO    云主机yisyenddh删除成功
2017_05_26 10:26:12 INFO    End case: delete vm yisyenddh

2017_05_26 10:33:05 INFO    Begin case: create vm, name is: rpom.
2017_05_26 10:33:12 INFO    Begin case: create vm, name is: agnkjmcfhljxa.
2017_05_26 10:33:38 INFO    Begin case: create vm, name is: dqxeukeol.
2017_05_26 10:34:37 INFO    云主机agnkjmcfhljxa创建成功
2017_05_26 10:34:38 INFO    End case: create vm name: agnkjmcfhljxa success

2017_05_26 10:34:38 INFO    enter vm management
2017_05_26 10:34:38 INFO    Begin case: stop vm agnkjmcfhljxa
2017_05_26 10:34:40 INFO    云主机rpom创建成功
2017_05_26 10:34:41 INFO    End case: create vm name: rpom success

2017_05_26 10:34:41 INFO    enter vm management
2017_05_26 10:34:41 INFO    Begin case: stop vm rpom
2017_05_26 10:35:08 INFO    云主机dqxeukeol创建成功
2017_05_26 10:35:10 INFO    End case: create vm name: dqxeukeol success

2017_05_26 10:35:10 INFO    enter vm management
2017_05_26 10:35:10 INFO    Begin case: stop vm dqxeukeol
2017_05_26 10:35:41 INFO    VM agnkjmcfhljxa is stoping
2017_05_26 10:35:45 INFO    VM rpom is stoping
2017_05_26 10:35:54 INFO    云主机agnkjmcfhljxa停止成功
2017_05_26 10:35:54 INFO    End case: stop vm agnkjmcfhljxa

2017_05_26 10:35:54 INFO    Begin case: start vm agnkjmcfhljxa
2017_05_26 10:35:56 INFO    VM agnkjmcfhljxa is starting!
2017_05_26 10:35:58 INFO    云主机rpom停止成功
2017_05_26 10:35:58 INFO    End case: stop vm rpom

2017_05_26 10:35:58 INFO    Begin case: start vm rpom
2017_05_26 10:36:00 INFO    VM rpom is starting!
2017_05_26 10:36:14 INFO    VM dqxeukeol is stoping
2017_05_26 10:36:26 WARNING 云主机agnkjmcfhljxa启动超时
2017_05_26 10:36:26 INFO    End case: start vm agnkjmcfhljxa

2017_05_26 10:36:26 INFO    Begin case: restart vm agnkjmcfhljxa
2017_05_26 10:36:27 INFO    云主机dqxeukeol停止成功
2017_05_26 10:36:27 INFO    End case: stop vm dqxeukeol

2017_05_26 10:36:27 INFO    Begin case: start vm dqxeukeol
2017_05_26 10:36:28 INFO    VM agnkjmcfhljxa status is STARTING
2017_05_26 10:36:28 INFO    云主机rpom启动成功
2017_05_26 10:36:28 INFO    End case: start vm rpom

2017_05_26 10:36:28 INFO    Begin case: restart vm rpom
2017_05_26 10:36:28 INFO    VM dqxeukeol is starting!
2017_05_26 10:36:29 INFO    VM rpom is restarting
2017_05_26 10:36:59 WARNING 云主机dqxeukeol启动超时
2017_05_26 10:36:59 INFO    End case: start vm dqxeukeol

2017_05_26 10:36:59 INFO    Begin case: restart vm dqxeukeol
2017_05_26 10:37:00 WARNING 云主机rpom重启超时
2017_05_26 10:37:00 INFO    End case: restart vm rpom

2017_05_26 10:37:00 INFO    Begin case: security management vm rpom
2017_05_26 10:37:00 INFO    VM dqxeukeol status is STARTING
2017_05_26 10:37:01 INFO    End case: security management vm rpom

2017_05_26 10:37:05 INFO    Begin case: create disk data0526103705
2017_05_26 10:37:12 INFO    云磁盘data0526103705创建成功
2017_05_26 10:37:12 INFO    End case: create disk data0526103705

2017_05_26 10:37:12 INFO    Begin case:mount disk data0526103705
2017_05_26 10:37:26 INFO    挂载成功
2017_05_26 10:37:26 INFO    End case:mount disk data0526103705

2017_05_26 10:37:26 INFO    Begin case:unmount disk data0526103705
2017_05_26 10:37:27 WARNING VM status is 运行,can not create snapshot,so stop vm first!
2017_05_26 10:37:27 INFO    enter vm management
2017_05_26 10:37:27 INFO    Begin case: stop vm rpom
2017_05_26 10:37:30 INFO    VM rpom is stoping
2017_05_26 10:37:42 INFO    云主机rpom停止成功
2017_05_26 10:37:42 INFO    End case: stop vm rpom

2017_05_26 10:37:51 INFO    卸载云磁盘成功
2017_05_26 10:37:51 INFO    End case:unmount disk data0526103705

2017_05_26 10:37:51 INFO    Begin case:disk data0526103705 create snapshot 
2017_05_26 10:38:15 INFO    云磁盘data0526103705创建快照成功
2017_05_26 10:38:17 INFO    snapshot name : detached_data0526103705_20170526023754
2017_05_26 10:38:17 INFO    End case:disk data0526103705 create snapshot 

2017_05_26 10:38:17 INFO    Begin case:delete snapshot  detached_data0526103705_20170526023754 
2017_05_26 10:38:24 INFO    成功删除快照
2017_05_26 10:38:24 INFO    End case: delete snapshot detached_data0526103705_20170526023754

2017_05_26 10:38:24 INFO    Begin case:delete disk data0526103705 
2017_05_26 10:38:28 INFO    云磁盘data0526103705删除成功
2017_05_26 10:38:28 INFO    End case: delete disk data0526103705

2017_05_26 10:38:28 INFO    enter vm management
2017_05_26 10:38:28 INFO    Begin case: delete vm rpom
2017_05_26 10:38:42 INFO    云主机rpom删除成功
2017_05_26 10:38:42 INFO    End case: delete vm rpom

2017_05_26 11:47:27 INFO    Begin case: create vm, name is: tpsd.
2017_05_26 11:47:45 INFO    Begin case: create vm, name is: ifpppomexypofnm.
2017_05_26 11:48:04 INFO    Begin case: create vm, name is: yzsqmzzap.
2017_05_26 11:48:51 INFO    云主机tpsd创建成功
2017_05_26 11:48:53 INFO    End case: create vm name: tpsd success

2017_05_26 11:48:53 INFO    enter vm management
2017_05_26 11:48:53 INFO    Begin case: stop vm tpsd
2017_05_26 11:49:15 INFO    云主机ifpppomexypofnm创建成功
2017_05_26 11:49:16 INFO    End case: create vm name: ifpppomexypofnm success

2017_05_26 11:49:16 INFO    enter vm management
2017_05_26 11:49:16 INFO    Begin case: stop vm ifpppomexypofnm
2017_05_26 11:49:49 INFO    云主机yzsqmzzap创建成功
2017_05_26 11:49:50 INFO    End case: create vm name: yzsqmzzap success

2017_05_26 11:49:50 INFO    enter vm management
2017_05_26 11:49:50 INFO    Begin case: stop vm yzsqmzzap
2017_05_26 11:49:56 INFO    VM tpsd is stoping
2017_05_26 11:50:09 INFO    云主机tpsd停止成功
2017_05_26 11:50:09 INFO    End case: stop vm tpsd

2017_05_26 11:50:09 INFO    Begin case: start vm tpsd
2017_05_26 11:50:10 INFO    VM tpsd is starting!
2017_05_26 11:50:18 INFO    VM ifpppomexypofnm is stoping
2017_05_26 11:50:31 INFO    云主机ifpppomexypofnm停止成功
2017_05_26 11:50:31 INFO    End case: stop vm ifpppomexypofnm

2017_05_26 11:50:31 INFO    Begin case: start vm ifpppomexypofnm
2017_05_26 11:50:33 INFO    VM ifpppomexypofnm is starting!
2017_05_26 11:50:33 INFO    云主机tpsd启动成功
2017_05_26 11:50:33 INFO    End case: start vm tpsd

2017_05_26 11:50:33 INFO    Begin case: restart vm tpsd
2017_05_26 11:50:34 INFO    VM tpsd is restarting
2017_05_26 11:50:53 INFO    VM yzsqmzzap is stoping
2017_05_26 11:50:56 INFO    云主机ifpppomexypofnm启动成功
2017_05_26 11:50:56 INFO    End case: start vm ifpppomexypofnm

2017_05_26 11:50:56 INFO    Begin case: restart vm ifpppomexypofnm
2017_05_26 11:50:57 INFO    VM ifpppomexypofnm is restarting
2017_05_26 11:51:02 INFO    云主机tpsd重启成功
2017_05_26 11:51:02 INFO    End case: restart vm tpsd

2017_05_26 11:51:02 INFO    Begin case: security management vm tpsd
2017_05_26 11:51:04 INFO    VM tpsd 查看密钥
2017_05_26 11:51:04 INFO    End case: security management vm tpsd

2017_05_26 11:51:07 INFO    Begin case: create disk data0526115107
2017_05_26 11:51:11 INFO    云主机yzsqmzzap停止成功
2017_05_26 11:51:11 INFO    End case: stop vm yzsqmzzap

2017_05_26 11:51:11 INFO    Begin case: start vm yzsqmzzap
2017_05_26 11:51:12 INFO    VM yzsqmzzap is starting!
2017_05_26 11:51:15 INFO    云磁盘data0526115107创建成功
2017_05_26 11:51:15 INFO    End case: create disk data0526115107

2017_05_26 11:51:15 INFO    Begin case:mount disk data0526115107
2017_05_26 11:51:25 INFO    云主机ifpppomexypofnm重启成功
2017_05_26 11:51:25 INFO    End case: restart vm ifpppomexypofnm

2017_05_26 11:51:25 INFO    Begin case: security management vm ifpppomexypofnm
2017_05_26 11:51:26 INFO    VM ifpppomexypofnm 查看密钥
2017_05_26 11:51:26 INFO    End case: security management vm ifpppomexypofnm

2017_05_26 11:51:29 INFO    挂载成功
2017_05_26 11:51:29 INFO    End case:mount disk data0526115107

2017_05_26 11:51:29 INFO    Begin case:unmount disk data0526115107
2017_05_26 11:51:29 WARNING VM status is 运行,can not create snapshot,so stop vm first!
2017_05_26 11:51:30 INFO    Begin case: create disk data0526115130
2017_05_26 11:51:30 INFO    enter vm management
2017_05_26 11:51:30 INFO    Begin case: stop vm tpsd
2017_05_26 11:51:32 INFO    VM tpsd is stoping
2017_05_26 11:51:36 INFO    云主机yzsqmzzap启动成功
2017_05_26 11:51:36 INFO    End case: start vm yzsqmzzap

2017_05_26 11:51:36 INFO    Begin case: restart vm yzsqmzzap
2017_05_26 11:51:37 INFO    VM yzsqmzzap is restarting
2017_05_26 11:51:37 INFO    云磁盘data0526115130创建成功
2017_05_26 11:51:37 INFO    End case: create disk data0526115130

2017_05_26 11:51:37 INFO    Begin case:mount disk data0526115130
2017_05_26 11:51:51 INFO    云主机tpsd停止成功
2017_05_26 11:51:51 INFO    End case: stop vm tpsd

2017_05_26 11:51:52 INFO    挂载成功
2017_05_26 11:51:52 INFO    End case:mount disk data0526115130

2017_05_26 11:51:52 INFO    Begin case:unmount disk data0526115130
2017_05_26 11:51:52 WARNING VM status is 运行,can not create snapshot,so stop vm first!
2017_05_26 11:51:52 INFO    enter vm management
2017_05_26 11:51:52 INFO    Begin case: stop vm ifpppomexypofnm
2017_05_26 11:51:54 INFO    VM ifpppomexypofnm is stoping
2017_05_26 11:52:00 INFO    卸载云磁盘成功
2017_05_26 11:52:00 INFO    End case:unmount disk data0526115107

2017_05_26 11:52:00 INFO    Begin case:disk data0526115107 create snapshot 
2017_05_26 11:52:06 INFO    云主机yzsqmzzap重启成功
2017_05_26 11:52:06 INFO    End case: restart vm yzsqmzzap

2017_05_26 11:52:06 INFO    Begin case: security management vm yzsqmzzap
2017_05_26 11:52:07 INFO    VM yzsqmzzap 查看密钥
2017_05_26 11:52:07 INFO    End case: security management vm yzsqmzzap

2017_05_26 11:52:10 INFO    Begin case: create disk data0526115210
2017_05_26 11:52:13 INFO    云主机ifpppomexypofnm停止成功
2017_05_26 11:52:13 INFO    End case: stop vm ifpppomexypofnm

2017_05_26 11:52:22 INFO    卸载云磁盘成功
2017_05_26 11:52:22 INFO    End case:unmount disk data0526115130

2017_05_26 11:52:22 INFO    Begin case:disk data0526115130 create snapshot 
2017_05_26 11:52:25 INFO    云磁盘data0526115107创建快照成功
2017_05_26 11:52:26 INFO    snapshot name : detached_data0526115107_20170526035203
2017_05_26 11:52:26 INFO    End case:disk data0526115107 create snapshot 

2017_05_26 11:52:26 INFO    Begin case:delete snapshot  detached_data0526115107_20170526035203 
2017_05_26 11:52:33 INFO    成功删除快照
2017_05_26 11:52:33 INFO    End case: delete snapshot detached_data0526115107_20170526035203

2017_05_26 11:52:33 INFO    Begin case:delete disk data0526115107 
2017_05_26 11:52:42 INFO    云磁盘data0526115130创建快照成功
2017_05_26 11:52:42 INFO    云磁盘data0526115107删除成功
2017_05_26 11:52:42 INFO    End case: delete disk data0526115107

2017_05_26 11:52:43 INFO    snapshot name : data0526115130
2017_05_26 11:52:43 INFO    End case:disk data0526115130 create snapshot 

2017_05_26 11:52:43 INFO    Begin case:delete snapshot  data0526115130 
2017_05_26 11:52:43 INFO    enter vm management
2017_05_26 11:52:43 INFO    Begin case: delete vm tpsd
2017_05_26 11:52:57 INFO    云主机tpsd删除成功
2017_05_26 11:52:57 INFO    End case: delete vm tpsd

2017_05_26 12:02:06 INFO    Begin case: create vm, name is: lusgdimoqsk.
2017_05_26 12:02:07 INFO    Begin case: create vm, name is: twmbcfu.
2017_05_26 12:02:20 INFO    Begin case: create vm, name is: uufivyu.
2017_05_26 12:03:29 INFO    云主机lusgdimoqsk创建成功
2017_05_26 12:03:31 INFO    End case: create vm name: lusgdimoqsk success

2017_05_26 12:03:31 INFO    enter vm management
2017_05_26 12:03:31 INFO    Begin case: stop vm lusgdimoqsk
2017_05_26 12:03:47 INFO    云主机twmbcfu创建成功
2017_05_26 12:03:48 INFO    End case: create vm name: twmbcfu success

2017_05_26 12:03:49 INFO    enter vm management
2017_05_26 12:03:49 INFO    Begin case: stop vm twmbcfu
2017_05_26 12:03:50 INFO    云主机uufivyu创建成功
2017_05_26 12:03:51 INFO    End case: create vm name: uufivyu success

2017_05_26 12:03:51 INFO    enter vm management
2017_05_26 12:03:51 INFO    Begin case: stop vm uufivyu
2017_05_26 12:04:34 INFO    VM lusgdimoqsk is stoping
2017_05_26 12:04:47 INFO    云主机lusgdimoqsk停止成功
2017_05_26 12:04:47 INFO    End case: stop vm lusgdimoqsk

2017_05_26 12:04:47 INFO    Begin case: start vm lusgdimoqsk
2017_05_26 12:04:48 INFO    VM lusgdimoqsk is starting!
2017_05_26 12:04:51 INFO    VM twmbcfu is stoping
2017_05_26 12:04:54 INFO    VM uufivyu is stoping
2017_05_26 12:05:04 INFO    云主机twmbcfu停止成功
2017_05_26 12:05:04 INFO    End case: stop vm twmbcfu

2017_05_26 12:05:04 INFO    Begin case: start vm twmbcfu
2017_05_26 12:05:05 INFO    VM twmbcfu is starting!
2017_05_26 12:05:11 INFO    云主机lusgdimoqsk启动成功
2017_05_26 12:05:11 INFO    End case: start vm lusgdimoqsk

2017_05_26 12:05:11 INFO    Begin case: restart vm lusgdimoqsk
2017_05_26 12:05:12 INFO    云主机uufivyu停止成功
2017_05_26 12:05:12 INFO    End case: stop vm uufivyu

2017_05_26 12:05:12 INFO    Begin case: start vm uufivyu
2017_05_26 12:05:13 INFO    VM uufivyu is starting!
2017_05_26 12:05:33 INFO    云主机twmbcfu启动成功
2017_05_26 12:05:33 INFO    End case: start vm twmbcfu

2017_05_26 12:05:33 INFO    Begin case: restart vm twmbcfu
2017_05_26 12:05:35 INFO    VM twmbcfu is restarting
2017_05_26 12:05:36 INFO    云主机uufivyu启动成功
2017_05_26 12:05:36 INFO    End case: start vm uufivyu

2017_05_26 12:05:36 INFO    Begin case: restart vm uufivyu
2017_05_26 12:05:37 INFO    VM uufivyu is restarting
2017_05_26 12:06:05 WARNING 云主机twmbcfu重启超时
2017_05_26 12:06:05 INFO    End case: restart vm twmbcfu

2017_05_26 12:06:05 INFO    Begin case: security management vm twmbcfu
2017_05_26 12:06:05 INFO    云主机uufivyu重启成功
2017_05_26 12:06:05 INFO    End case: restart vm uufivyu

2017_05_26 12:06:05 INFO    Begin case: security management vm uufivyu
2017_05_26 12:06:06 INFO    End case: security management vm twmbcfu

2017_05_26 12:06:07 INFO    VM uufivyu 查看密钥
2017_05_26 12:06:07 INFO    End case: security management vm uufivyu

2017_05_26 12:06:09 INFO    Begin case: create disk data0526120609
2017_05_26 12:06:10 INFO    Begin case: create disk data0526120610
2017_05_26 12:06:19 INFO    云磁盘data0526120609创建成功
2017_05_26 12:06:19 INFO    End case: create disk data0526120609

2017_05_26 12:06:19 INFO    Begin case:mount disk data0526120609
2017_05_26 12:06:20 INFO    云磁盘data0526120610创建成功
2017_05_26 12:06:20 INFO    End case: create disk data0526120610

2017_05_26 12:06:20 INFO    Begin case:mount disk data0526120610
2017_05_26 12:06:33 INFO    挂载成功
2017_05_26 12:06:34 INFO    End case:mount disk data0526120609

2017_05_26 12:06:34 INFO    Begin case:unmount disk data0526120609
2017_05_26 12:06:34 WARNING VM status is 运行,can not create snapshot,so stop vm first!
2017_05_26 12:06:34 INFO    enter vm management
2017_05_26 12:06:34 INFO    Begin case: stop vm twmbcfu
2017_05_26 12:06:36 INFO    VM twmbcfu is stoping
2017_05_26 12:06:43 INFO    挂载成功
2017_05_26 12:06:44 INFO    End case:mount disk data0526120610

2017_05_26 12:06:44 INFO    Begin case:unmount disk data0526120610
2017_05_26 12:06:44 WARNING VM status is 运行,can not create snapshot,so stop vm first!
2017_05_26 12:06:44 INFO    enter vm management
2017_05_26 12:06:44 INFO    Begin case: stop vm uufivyu
2017_05_26 12:06:46 INFO    VM uufivyu is stoping
2017_05_26 12:06:49 INFO    云主机twmbcfu停止成功
2017_05_26 12:06:49 INFO    End case: stop vm twmbcfu

2017_05_26 12:06:58 INFO    卸载云磁盘成功
2017_05_26 12:06:58 INFO    End case:unmount disk data0526120609

2017_05_26 12:06:58 INFO    Begin case:disk data0526120609 create snapshot 
2017_05_26 12:07:04 INFO    云主机uufivyu停止成功
2017_05_26 12:07:04 INFO    End case: stop vm uufivyu

2017_05_26 12:07:12 INFO    卸载云磁盘成功
2017_05_26 12:07:12 INFO    End case:unmount disk data0526120610

2017_05_26 12:07:13 INFO    Begin case:disk data0526120610 create snapshot 
2017_05_26 12:07:17 INFO    云磁盘data0526120609创建快照成功
2017_05_26 12:07:18 INFO    snapshot name : detached_data0526120609_20170526040701
2017_05_26 12:07:18 INFO    End case:disk data0526120609 create snapshot 

2017_05_26 12:07:18 INFO    Begin case:delete snapshot  detached_data0526120609_20170526040701 
2017_05_26 12:07:24 INFO    成功删除快照
2017_05_26 12:07:24 INFO    End case: delete snapshot detached_data0526120609_20170526040701

2017_05_26 12:07:24 INFO    Begin case:delete disk data0526120609 
2017_05_26 12:07:37 INFO    云磁盘data0526120610创建快照成功
2017_05_26 12:07:38 INFO    snapshot name : detached_data0526120610_20170526040716
2017_05_26 12:07:38 INFO    End case:disk data0526120610 create snapshot 

2017_05_26 12:07:38 INFO    Begin case:delete snapshot  detached_data0526120610_20170526040716 
2017_05_26 12:07:38 INFO    云磁盘data0526120609删除成功
2017_05_26 12:07:38 INFO    End case: delete disk data0526120609

2017_05_26 12:07:38 INFO    enter vm management
2017_05_26 12:07:38 INFO    Begin case: delete vm twmbcfu
2017_05_26 12:07:44 INFO    成功删除快照
2017_05_26 12:07:44 INFO    End case: delete snapshot detached_data0526120610_20170526040716

2017_05_26 12:07:44 INFO    Begin case:delete disk data0526120610 
2017_05_26 12:07:51 INFO    云主机twmbcfu删除成功
2017_05_26 12:07:51 INFO    End case: delete vm twmbcfu

2017_05_26 12:09:48 WARNING 云磁盘data0526120610删除超时
2017_05_26 12:09:48 INFO    End case: delete disk data0526120610

2017_05_26 12:09:48 INFO    enter vm management
2017_05_26 12:09:48 INFO    Begin case: delete vm uufivyu
2017_05_26 12:10:01 INFO    云主机uufivyu删除成功
2017_05_26 12:10:01 INFO    End case: delete vm uufivyu

2017_05_26 12:11:26 INFO    Begin case: create vm, name is: deqzl.
2017_05_26 12:11:45 INFO    Begin case: create vm, name is: cshofjhkyxrrskmy.
2017_05_26 12:11:57 INFO    Begin case: create vm, name is: fqmqqbdoqcbko.
2017_05_26 12:12:56 INFO    云主机deqzl创建成功
2017_05_26 12:12:57 INFO    End case: create vm name: deqzl success

2017_05_26 12:12:57 INFO    enter vm management
2017_05_26 12:12:57 INFO    Begin case: stop vm deqzl
2017_05_26 12:13:10 INFO    云主机cshofjhkyxrrskmy创建成功
2017_05_26 12:13:11 INFO    End case: create vm name: cshofjhkyxrrskmy success

2017_05_26 12:13:12 INFO    enter vm management
2017_05_26 12:13:12 INFO    Begin case: stop vm cshofjhkyxrrskmy
2017_05_26 12:13:23 INFO    云主机fqmqqbdoqcbko创建成功
2017_05_26 12:13:25 INFO    End case: create vm name: fqmqqbdoqcbko success

2017_05_26 12:13:25 INFO    enter vm management
2017_05_26 12:13:25 INFO    Begin case: stop vm fqmqqbdoqcbko
2017_05_26 12:14:02 INFO    VM deqzl is stoping
2017_05_26 12:14:15 INFO    云主机deqzl停止成功
2017_05_26 12:14:15 INFO    End case: stop vm deqzl

2017_05_26 12:14:15 INFO    Begin case: start vm deqzl
2017_05_26 12:14:16 INFO    VM cshofjhkyxrrskmy is stoping
2017_05_26 12:14:18 INFO    VM deqzl is starting!
2017_05_26 12:14:29 INFO    云主机cshofjhkyxrrskmy停止成功
2017_05_26 12:14:29 INFO    End case: stop vm cshofjhkyxrrskmy

2017_05_26 12:14:29 INFO    Begin case: start vm cshofjhkyxrrskmy
2017_05_26 12:14:29 INFO    VM fqmqqbdoqcbko is stoping
2017_05_26 12:14:32 INFO    VM cshofjhkyxrrskmy is starting!
2017_05_26 12:14:46 INFO    云主机deqzl启动成功
2017_05_26 12:14:46 INFO    End case: start vm deqzl

2017_05_26 12:14:46 INFO    Begin case: restart vm deqzl
2017_05_26 12:14:47 INFO    云主机fqmqqbdoqcbko停止成功
2017_05_26 12:14:47 INFO    End case: stop vm fqmqqbdoqcbko

2017_05_26 12:14:47 INFO    Begin case: start vm fqmqqbdoqcbko
2017_05_26 12:14:50 INFO    VM deqzl is restarting
2017_05_26 12:14:50 INFO    VM fqmqqbdoqcbko is starting!
2017_05_26 12:14:55 INFO    云主机cshofjhkyxrrskmy启动成功
2017_05_26 12:14:55 INFO    End case: start vm cshofjhkyxrrskmy

2017_05_26 12:14:55 INFO    Begin case: restart vm cshofjhkyxrrskmy
2017_05_26 12:14:59 INFO    VM cshofjhkyxrrskmy is restarting
2017_05_26 12:15:13 INFO    云主机fqmqqbdoqcbko启动成功
2017_05_26 12:15:13 INFO    End case: start vm fqmqqbdoqcbko

2017_05_26 12:15:13 INFO    Begin case: restart vm fqmqqbdoqcbko
2017_05_26 12:15:17 INFO    VM fqmqqbdoqcbko is restarting
2017_05_26 12:15:18 INFO    云主机deqzl重启成功
2017_05_26 12:15:18 INFO    End case: restart vm deqzl

2017_05_26 12:15:18 INFO    Begin case: security management vm deqzl
2017_05_26 12:15:21 INFO    VM deqzl 查看密钥
2017_05_26 12:15:21 INFO    End case: security management vm deqzl

2017_05_26 12:15:24 INFO    Begin case: create disk data0526121524
2017_05_26 12:15:27 INFO    云主机cshofjhkyxrrskmy重启成功
2017_05_26 12:15:27 INFO    End case: restart vm cshofjhkyxrrskmy

2017_05_26 12:15:27 INFO    Begin case: security management vm cshofjhkyxrrskmy
2017_05_26 12:15:30 INFO    VM cshofjhkyxrrskmy 查看密钥
2017_05_26 12:15:30 INFO    End case: security management vm cshofjhkyxrrskmy

2017_05_26 12:15:33 INFO    Begin case: create disk data0526121533
2017_05_26 12:15:34 INFO    云磁盘data0526121524创建成功
2017_05_26 12:15:34 INFO    End case: create disk data0526121524

2017_05_26 12:15:34 INFO    Begin case:mount disk data0526121524
2017_05_26 12:15:44 INFO    云磁盘data0526121533创建成功
2017_05_26 12:15:44 INFO    End case: create disk data0526121533

2017_05_26 12:15:44 INFO    Begin case:mount disk data0526121533
2017_05_26 12:15:47 WARNING 云主机fqmqqbdoqcbko重启超时
2017_05_26 12:15:47 INFO    End case: restart vm fqmqqbdoqcbko

2017_05_26 12:15:47 INFO    Begin case: security management vm fqmqqbdoqcbko
2017_05_26 12:15:48 INFO    End case: security management vm fqmqqbdoqcbko

2017_05_26 12:15:49 INFO    挂载成功
2017_05_26 12:15:49 INFO    End case:mount disk data0526121524

2017_05_26 12:15:49 INFO    Begin case:unmount disk data0526121524
2017_05_26 12:15:49 WARNING VM status is 运行,can not create snapshot,so stop vm first!
2017_05_26 12:15:49 INFO    enter vm management
2017_05_26 12:15:49 INFO    Begin case: stop vm deqzl
2017_05_26 12:15:52 INFO    Begin case: create disk data0526121552
2017_05_26 12:15:53 INFO    VM deqzl is stoping
2017_05_26 12:15:58 INFO    挂载成功
2017_05_26 12:15:58 INFO    End case:mount disk data0526121533

2017_05_26 12:15:58 INFO    Begin case:unmount disk data0526121533
2017_05_26 12:15:58 WARNING VM status is 运行,can not create snapshot,so stop vm first!
2017_05_26 12:15:58 INFO    enter vm management
2017_05_26 12:15:58 INFO    Begin case: stop vm cshofjhkyxrrskmy
2017_05_26 12:16:02 INFO    云磁盘data0526121552创建成功
2017_05_26 12:16:02 INFO    End case: create disk data0526121552

2017_05_26 12:16:02 INFO    Begin case:mount disk data0526121552
2017_05_26 12:16:03 INFO    VM cshofjhkyxrrskmy is stoping
2017_05_26 12:16:20 INFO    云主机cshofjhkyxrrskmy停止成功
2017_05_26 12:16:20 INFO    End case: stop vm cshofjhkyxrrskmy

2017_05_26 12:16:20 INFO    挂载成功
2017_05_26 12:16:21 INFO    End case:mount disk data0526121552

2017_05_26 12:16:21 INFO    Begin case:unmount disk data0526121552
2017_05_26 12:16:21 WARNING VM status is 运行,can not create snapshot,so stop vm first!
2017_05_26 12:16:21 INFO    enter vm management
2017_05_26 12:16:21 INFO    Begin case: stop vm fqmqqbdoqcbko
2017_05_26 12:16:24 WARNING 云主机deqzl停止超时
2017_05_26 12:16:24 INFO    End case: stop vm deqzl

2017_05_26 12:16:25 INFO    VM fqmqqbdoqcbko is stoping
2017_05_26 12:16:29 INFO    卸载云磁盘成功
2017_05_26 12:16:29 INFO    End case:unmount disk data0526121533

2017_05_26 12:16:29 INFO    Begin case:disk data0526121533 create snapshot 
2017_05_26 12:16:32 INFO    卸载云磁盘成功
2017_05_26 12:16:32 INFO    End case:unmount disk data0526121524

2017_05_26 12:16:33 INFO    Begin case:disk data0526121524 create snapshot 
2017_05_26 12:16:43 INFO    云主机fqmqqbdoqcbko停止成功
2017_05_26 12:16:43 INFO    End case: stop vm fqmqqbdoqcbko

2017_05_26 12:16:51 INFO    卸载云磁盘成功
2017_05_26 12:16:52 INFO    End case:unmount disk data0526121552

2017_05_26 12:16:52 INFO    Begin case:disk data0526121552 create snapshot 
2017_05_26 12:16:53 INFO    云磁盘data0526121533创建快照成功
2017_05_26 12:16:55 INFO    snapshot name : detached_data0526121533_20170526041632
2017_05_26 12:16:55 INFO    End case:disk data0526121533 create snapshot 

2017_05_26 12:16:55 INFO    Begin case:delete snapshot  detached_data0526121533_20170526041632 
2017_05_26 12:17:01 INFO    成功删除快照
2017_05_26 12:17:01 INFO    End case: delete snapshot detached_data0526121533_20170526041632

2017_05_26 12:17:01 INFO    Begin case:delete disk data0526121533 
2017_05_26 12:17:06 INFO    云磁盘data0526121533删除成功
2017_05_26 12:17:06 INFO    End case: delete disk data0526121533

2017_05_26 12:17:06 INFO    enter vm management
2017_05_26 12:17:06 INFO    Begin case: delete vm cshofjhkyxrrskmy
2017_05_26 12:17:07 INFO    云磁盘data0526121524创建快照成功
2017_05_26 12:17:08 INFO    snapshot name : detached_data0526121524_20170526041635
2017_05_26 12:17:08 INFO    End case:disk data0526121524 create snapshot 

2017_05_26 12:17:08 INFO    Begin case:delete snapshot  detached_data0526121524_20170526041635 
2017_05_26 12:17:15 INFO    成功删除快照
2017_05_26 12:17:15 INFO    End case: delete snapshot detached_data0526121524_20170526041635

2017_05_26 12:17:15 INFO    Begin case:delete disk data0526121524 
2017_05_26 12:17:16 INFO    云磁盘data0526121552创建快照成功
2017_05_26 12:17:17 INFO    snapshot name : detached_data0526121552_20170526041655
2017_05_26 12:17:17 INFO    End case:disk data0526121552 create snapshot 

2017_05_26 12:17:17 INFO    Begin case:delete snapshot  detached_data0526121552_20170526041655 
2017_05_26 12:17:19 INFO    云磁盘data0526121524删除成功
2017_05_26 12:17:19 INFO    End case: delete disk data0526121524

2017_05_26 12:17:19 INFO    enter vm management
2017_05_26 12:17:19 INFO    Begin case: delete vm deqzl
2017_05_26 12:17:21 INFO    云主机cshofjhkyxrrskmy删除成功
2017_05_26 12:17:21 INFO    End case: delete vm cshofjhkyxrrskmy

2017_05_26 12:17:24 INFO    成功删除快照
2017_05_26 12:17:24 INFO    End case: delete snapshot detached_data0526121552_20170526041655

2017_05_26 12:17:24 INFO    Begin case:delete disk data0526121552 
2017_05_26 12:17:28 INFO    云磁盘data0526121552删除成功
2017_05_26 12:17:28 INFO    End case: delete disk data0526121552

2017_05_26 12:17:28 INFO    enter vm management
2017_05_26 12:17:28 INFO    Begin case: delete vm fqmqqbdoqcbko
2017_05_26 12:17:35 INFO    云主机deqzl删除成功
2017_05_26 12:17:35 INFO    End case: delete vm deqzl

2017_05_26 12:17:43 INFO    云主机fqmqqbdoqcbko删除成功
2017_05_26 12:17:43 INFO    End case: delete vm fqmqqbdoqcbko

2017_05_26 16:06:48 INFO    Begin case: create vm, name is: hymietno.
2017_05_26 16:08:13 INFO    云主机hymietno创建成功
2017_05_26 16:08:13 INFO    End case: create vm name: hymietno success

2017_05_26 16:08:13 INFO    enter vm management
2017_05_26 16:08:13 INFO    Begin case: stop vm hymietno
2017_05_26 16:09:17 INFO    VM hymietno is stoping
2017_05_26 16:09:35 INFO    云主机hymietno停止成功
2017_05_26 16:09:35 INFO    End case: stop vm hymietno

2017_05_26 16:09:35 INFO    Begin case: start vm hymietno
2017_05_26 16:09:38 INFO    VM hymietno is starting!
2017_05_26 16:10:00 INFO    云主机hymietno启动成功
2017_05_26 16:10:00 INFO    End case: start vm hymietno

2017_05_26 16:10:00 INFO    Begin case: restart vm hymietno
2017_05_26 16:10:03 INFO    VM hymietno is restarting
2017_05_26 16:10:31 INFO    云主机hymietno重启成功
2017_05_26 16:10:31 INFO    End case: restart vm hymietno

2017_05_26 16:10:31 INFO    Begin case: security management vm hymietno
2017_05_26 16:10:34 INFO    VM hymietno 查看密钥
2017_05_26 16:10:34 INFO    End case: security management vm hymietno

2017_05_26 16:10:37 INFO    Begin case: create disk data0526161037
2017_05_26 16:10:47 INFO    云磁盘data0526161037创建成功
2017_05_26 16:10:47 INFO    End case: create disk data0526161037

2017_05_26 16:10:47 INFO    Begin case:mount disk data0526161037
2017_05_26 16:11:01 INFO    挂载成功
2017_05_26 16:11:01 INFO    End case:mount disk data0526161037

2017_05_26 16:11:01 INFO    Begin case:unmount disk data0526161037
2017_05_26 16:11:02 WARNING VM status is 运行,can not create snapshot,so stop vm first!
2017_05_26 16:11:02 INFO    enter vm management
2017_05_26 16:11:02 INFO    Begin case: stop vm hymietno
2017_05_26 16:11:05 INFO    VM hymietno is stoping
2017_05_26 16:11:23 INFO    云主机hymietno停止成功
2017_05_26 16:11:23 INFO    End case: stop vm hymietno

2017_05_26 16:11:32 INFO    卸载云磁盘成功
2017_05_26 16:11:32 INFO    End case:unmount disk data0526161037

2017_05_26 16:11:32 INFO    Begin case:disk data0526161037 create snapshot 
2017_05_26 16:11:51 INFO    云磁盘data0526161037创建快照成功
2017_05_26 16:11:52 INFO    snapshot name : detached_data0526161037_20170526081135
2017_05_26 16:11:52 INFO    End case:disk data0526161037 create snapshot 

2017_05_26 16:11:52 INFO    Begin case:delete snapshot  detached_data0526161037_20170526081135 
2017_05_26 16:11:58 INFO    成功删除快照
2017_05_26 16:11:58 INFO    End case: delete snapshot detached_data0526161037_20170526081135

2017_05_26 16:11:58 INFO    Begin case:delete disk data0526161037 
2017_05_26 16:12:03 INFO    云磁盘data0526161037删除成功
2017_05_26 16:12:03 INFO    End case: delete disk data0526161037

2017_05_26 16:12:03 INFO    enter vm management
2017_05_26 16:12:03 INFO    Begin case: delete vm hymietno
2017_05_26 16:12:19 INFO    云主机hymietno删除成功
2017_05_26 16:12:19 INFO    End case: delete vm hymietno

2017_05_27 16:46:51 INFO    Begin case: create vm, name is: karhh.
2017_05_27 16:48:12 INFO    云主机karhh创建成功
2017_05_27 16:48:14 INFO    End case: create vm name: karhh success

2017_05_27 16:48:15 INFO    enter vm management
2017_05_27 16:48:15 INFO    Begin case: stop vm karhh
2017_05_27 16:52:34 INFO    Begin case: create vm, name is: uglohzjqiiiogxljv.
2017_05_27 16:53:49 INFO    云主机uglohzjqiiiogxljv创建成功
2017_05_27 16:53:51 INFO    End case: create vm name: uglohzjqiiiogxljv success

2017_05_27 16:53:51 INFO    enter vm management
2017_05_27 16:53:51 INFO    Begin case: stop vm uglohzjqiiiogxljv
2017_05_27 16:57:35 INFO    Begin case: create vm, name is: ptyfwesbuntxmmqabs.
2017_05_27 16:58:54 INFO    云主机ptyfwesbuntxmmqabs创建成功
2017_05_27 16:58:55 INFO    End case: create vm name: ptyfwesbuntxmmqabs success

2017_05_27 16:58:55 INFO    enter vm management
2017_05_27 16:58:55 INFO    Begin case: stop vm ptyfwesbuntxmmqabs
2017_05_27 16:59:59 INFO    VM ptyfwesbuntxmmqabs is stoping
2017_05_27 17:00:17 INFO    云主机ptyfwesbuntxmmqabs停止成功
2017_05_27 17:00:17 INFO    End case: stop vm ptyfwesbuntxmmqabs

2017_05_27 17:00:17 INFO    Begin case: start vm ptyfwesbuntxmmqabs
2017_05_27 17:00:20 INFO    VM ptyfwesbuntxmmqabs is starting!
2017_05_27 17:00:38 INFO    云主机ptyfwesbuntxmmqabs启动成功
2017_05_27 17:00:38 INFO    End case: start vm ptyfwesbuntxmmqabs

2017_05_27 17:00:38 INFO    Begin case: restart vm ptyfwesbuntxmmqabs
2017_05_27 17:00:41 INFO    VM ptyfwesbuntxmmqabs is restarting
2017_05_27 17:01:04 INFO    云主机ptyfwesbuntxmmqabs重启成功
2017_05_27 17:01:04 INFO    End case: restart vm ptyfwesbuntxmmqabs

2017_05_27 17:01:04 INFO    Begin case: security management vm ptyfwesbuntxmmqabs
2017_05_27 17:01:07 INFO    VM ptyfwesbuntxmmqabs 查看密钥
2017_05_27 17:01:07 INFO    End case: security management vm ptyfwesbuntxmmqabs

2017_05_27 17:01:10 INFO    Begin case: create disk data0527170110
2017_05_27 17:01:20 INFO    云磁盘data0527170110创建成功
2017_05_27 17:01:20 INFO    End case: create disk data0527170110

2017_05_27 17:01:20 INFO    Begin case:mount disk data0527170110
2017_05_27 17:01:34 INFO    挂载成功
2017_05_27 17:01:34 INFO    End case:mount disk data0527170110

2017_05_27 17:01:34 INFO    Begin case:unmount disk data0527170110
2017_05_27 17:01:34 WARNING VM status is 运行,can not create snapshot,so stop vm first!
2017_05_27 17:01:34 INFO    enter vm management
2017_05_27 17:01:34 INFO    Begin case: stop vm ptyfwesbuntxmmqabs
2017_05_27 17:01:38 INFO    VM ptyfwesbuntxmmqabs is stoping
2017_05_27 17:01:55 INFO    云主机ptyfwesbuntxmmqabs停止成功
2017_05_27 17:01:55 INFO    End case: stop vm ptyfwesbuntxmmqabs

2017_05_27 17:02:04 INFO    卸载云磁盘成功
2017_05_27 17:02:04 INFO    End case:unmount disk data0527170110

2017_05_27 17:02:04 INFO    Begin case:disk data0527170110 create snapshot 
2017_05_27 17:02:43 INFO    云磁盘data0527170110创建快照成功
2017_05_27 17:02:44 INFO    snapshot name : detached_data0527170110_20170527090207
2017_05_27 17:02:44 INFO    End case:disk data0527170110 create snapshot 

2017_05_27 17:02:44 INFO    Begin case:delete snapshot  detached_data0527170110_20170527090207 
2017_05_27 17:02:50 INFO    成功删除快照
2017_05_27 17:02:51 INFO    End case: delete snapshot detached_data0527170110_20170527090207

2017_05_27 17:02:51 INFO    Begin case:delete disk data0527170110 
2017_05_27 17:02:55 INFO    云磁盘data0527170110删除成功
2017_05_27 17:02:55 INFO    End case: delete disk data0527170110

2017_05_27 17:02:55 INFO    enter vm management
2017_05_27 17:02:55 INFO    Begin case: delete vm ptyfwesbuntxmmqabs
2017_05_27 17:03:10 INFO    云主机ptyfwesbuntxmmqabs删除成功
2017_05_27 17:03:10 INFO    End case: delete vm ptyfwesbuntxmmqabs

2017_05_27 17:04:50 INFO    Begin case: create vm, name is: dqjwhbgfcfz.
2017_05_27 17:06:09 INFO    云主机dqjwhbgfcfz创建成功
2017_05_27 17:06:11 INFO    End case: create vm name: dqjwhbgfcfz success

2017_05_27 17:06:11 INFO    enter vm management
2017_05_27 17:06:11 INFO    Begin case: stop vm dqjwhbgfcfz
2017_05_27 17:11:49 INFO    Begin case: create vm, name is: bkhesk.
2017_05_27 17:13:19 INFO    云主机bkhesk创建成功
2017_05_27 17:13:21 INFO    End case: create vm name: bkhesk success

2017_05_27 17:13:21 INFO    enter vm management
2017_05_27 17:13:21 INFO    Begin case: stop vm bkhesk
2017_05_31 09:11:25 INFO    Begin case: create vm, name is: zwrpcnxwgduxsk.
2017_05_31 09:12:44 INFO    云主机zwrpcnxwgduxsk创建成功
2017_05_31 09:12:45 INFO    End case: create vm name: zwrpcnxwgduxsk success

2017_05_31 09:12:45 INFO    enter vm management
2017_05_31 09:12:45 INFO    Begin case: stop vm zwrpcnxwgduxsk
2017_05_31 09:13:49 INFO    VM zwrpcnxwgduxsk is stoping
2017_05_31 09:14:07 INFO    云主机zwrpcnxwgduxsk停止成功
2017_05_31 09:14:07 INFO    End case: stop vm zwrpcnxwgduxsk

2017_05_31 09:14:07 INFO    Begin case: start vm zwrpcnxwgduxsk
2017_05_31 09:14:10 INFO    VM zwrpcnxwgduxsk is starting!
2017_05_31 09:14:28 INFO    云主机zwrpcnxwgduxsk启动成功
2017_05_31 09:14:28 INFO    End case: start vm zwrpcnxwgduxsk

2017_05_31 09:14:28 INFO    Begin case: restart vm zwrpcnxwgduxsk
2017_05_31 09:14:31 INFO    VM zwrpcnxwgduxsk is restarting
2017_05_31 09:15:01 WARNING 云主机zwrpcnxwgduxsk重启超时
2017_05_31 09:15:01 INFO    End case: restart vm zwrpcnxwgduxsk

2017_05_31 09:15:01 INFO    Begin case: security management vm zwrpcnxwgduxsk
2017_05_31 09:15:02 INFO    End case: security management vm zwrpcnxwgduxsk

2017_05_31 09:15:05 INFO    Begin case: create disk data0531091505
2017_05_31 09:15:15 INFO    云磁盘data0531091505创建成功
2017_05_31 09:15:15 INFO    End case: create disk data0531091505

2017_05_31 09:15:15 INFO    Begin case:mount disk data0531091505
2017_05_31 09:15:29 INFO    挂载成功
2017_05_31 09:15:29 INFO    End case:mount disk data0531091505

2017_05_31 09:15:29 INFO    Begin case:unmount disk data0531091505
2017_05_31 09:15:29 WARNING VM status is 运行,can not create snapshot,so stop vm first!
2017_05_31 09:15:30 INFO    enter vm management
2017_05_31 09:15:30 INFO    Begin case: stop vm zwrpcnxwgduxsk
2017_05_31 09:15:33 INFO    VM zwrpcnxwgduxsk is stoping
2017_05_31 09:15:51 INFO    云主机zwrpcnxwgduxsk停止成功
2017_05_31 09:15:51 INFO    End case: stop vm zwrpcnxwgduxsk

2017_05_31 09:15:59 INFO    卸载云磁盘成功
2017_05_31 09:15:59 INFO    End case:unmount disk data0531091505

2017_05_31 09:16:00 INFO    Begin case:disk data0531091505 create snapshot 
2017_05_31 09:16:34 INFO    云磁盘data0531091505创建快照成功
2017_05_31 09:16:34 INFO    snapshot name : detached_data0531091505_20170531011602
2017_05_31 09:16:34 INFO    End case:disk data0531091505 create snapshot 

2017_05_31 09:16:34 INFO    Begin case:delete snapshot  detached_data0531091505_20170531011602 
2017_05_31 09:16:40 INFO    成功删除快照
2017_05_31 09:16:41 INFO    End case: delete snapshot detached_data0531091505_20170531011602

2017_05_31 09:16:41 INFO    Begin case:delete disk data0531091505 
2017_05_31 09:16:45 INFO    云磁盘data0531091505删除成功
2017_05_31 09:16:45 INFO    End case: delete disk data0531091505

2017_05_31 09:16:45 INFO    enter vm management
2017_05_31 09:16:45 INFO    Begin case: delete vm zwrpcnxwgduxsk
2017_05_31 09:17:00 INFO    云主机zwrpcnxwgduxsk删除成功
2017_05_31 09:17:00 INFO    End case: delete vm zwrpcnxwgduxsk

2017_05_31 10:19:54 INFO    Begin case: create vm, name is: jdqrtuf.
2017_05_31 10:21:19 INFO    云主机jdqrtuf创建成功
2017_05_31 10:21:20 INFO    End case: create vm name: jdqrtuf success

2017_05_31 10:21:20 INFO    enter vm management
2017_05_31 10:21:20 INFO    Begin case: stop vm jdqrtuf
2017_05_31 10:22:24 INFO    VM jdqrtuf is stoping
2017_05_31 10:22:42 INFO    云主机jdqrtuf停止成功
2017_05_31 10:22:42 INFO    End case: stop vm jdqrtuf

2017_05_31 10:22:42 INFO    Begin case: start vm jdqrtuf
2017_05_31 10:22:44 INFO    VM jdqrtuf is starting!
2017_05_31 10:23:07 INFO    云主机jdqrtuf启动成功
2017_05_31 10:23:07 INFO    End case: start vm jdqrtuf

2017_05_31 10:23:07 INFO    Begin case: restart vm jdqrtuf
2017_05_31 10:23:10 INFO    VM jdqrtuf is restarting
2017_05_31 10:23:38 INFO    云主机jdqrtuf重启成功
2017_05_31 10:23:38 INFO    End case: restart vm jdqrtuf

2017_05_31 10:23:38 INFO    Begin case: security management vm jdqrtuf
2017_05_31 10:23:41 INFO    VM jdqrtuf 查看密钥
2017_05_31 10:23:41 INFO    End case: security management vm jdqrtuf

2017_05_31 10:23:44 INFO    Begin case: create disk data0531102344
2017_05_31 10:23:54 INFO    云磁盘data0531102344创建成功
2017_05_31 10:23:54 INFO    End case: create disk data0531102344

2017_05_31 10:23:54 INFO    Begin case:mount disk data0531102344
2017_05_31 10:24:07 INFO    挂载成功
2017_05_31 10:24:08 INFO    End case:mount disk data0531102344

2017_05_31 10:24:08 INFO    Begin case:unmount disk data0531102344
2017_05_31 10:24:08 WARNING VM status is 运行,can not create snapshot,so stop vm first!
2017_05_31 10:24:08 INFO    enter vm management
2017_05_31 10:24:08 INFO    Begin case: stop vm jdqrtuf
2017_05_31 10:24:12 INFO    VM jdqrtuf is stoping
2017_05_31 10:24:29 INFO    云主机jdqrtuf停止成功
2017_05_31 10:24:29 INFO    End case: stop vm jdqrtuf

2017_05_31 10:24:38 INFO    卸载云磁盘成功
2017_05_31 10:24:38 INFO    End case:unmount disk data0531102344

2017_05_31 10:24:38 INFO    Begin case:disk data0531102344 create snapshot 
2017_05_31 10:24:58 INFO    云磁盘data0531102344创建快照成功
2017_05_31 10:24:58 INFO    snapshot name : detached_data0531102344_20170531022442
2017_05_31 10:24:58 INFO    End case:disk data0531102344 create snapshot 

2017_05_31 10:24:58 INFO    Begin case:delete snapshot  detached_data0531102344_20170531022442 
2017_05_31 10:25:05 INFO    成功删除快照
2017_05_31 10:25:05 INFO    End case: delete snapshot detached_data0531102344_20170531022442

2017_05_31 10:25:05 INFO    Begin case:delete disk data0531102344 
2017_05_31 10:25:09 INFO    云磁盘data0531102344删除成功
2017_05_31 10:25:09 INFO    End case: delete disk data0531102344

2017_05_31 10:25:09 INFO    enter vm management
2017_05_31 10:25:09 INFO    Begin case: delete vm jdqrtuf
2017_05_31 10:25:24 INFO    云主机jdqrtuf删除成功
2017_05_31 10:25:24 INFO    End case: delete vm jdqrtuf

2017_06_07 12:19:30 INFO    Begin case: create vm, name is: srochionhcmzoxjbdo.
2017_06_07 12:20:50 INFO    云主机srochionhcmzoxjbdo创建成功
2017_06_07 12:20:50 INFO    End case: create vm name: srochionhcmzoxjbdo success

2017_06_07 12:20:50 INFO    enter vm management
2017_06_07 12:20:50 INFO    Begin case: stop vm srochionhcmzoxjbdo
2017_06_07 12:21:54 INFO    VM srochionhcmzoxjbdo is stoping
2017_06_07 12:22:07 INFO    云主机srochionhcmzoxjbdo停止成功
2017_06_07 12:22:07 INFO    End case: stop vm srochionhcmzoxjbdo

2017_06_07 12:22:07 INFO    Begin case: start vm srochionhcmzoxjbdo
2017_06_07 12:22:10 INFO    VM srochionhcmzoxjbdo is starting!
2017_06_07 12:22:28 INFO    云主机srochionhcmzoxjbdo启动成功
2017_06_07 12:22:28 INFO    End case: start vm srochionhcmzoxjbdo

2017_06_07 12:22:28 INFO    Begin case: restart vm srochionhcmzoxjbdo
2017_06_07 12:22:31 INFO    VM srochionhcmzoxjbdo is restarting
2017_06_07 12:22:53 INFO    云主机srochionhcmzoxjbdo重启成功
2017_06_07 12:22:53 INFO    End case: restart vm srochionhcmzoxjbdo

2017_06_07 12:22:53 INFO    Begin case: security management vm srochionhcmzoxjbdo
2017_06_07 12:22:56 INFO    VM srochionhcmzoxjbdo 查看密钥
2017_06_07 12:22:56 INFO    End case: security management vm srochionhcmzoxjbdo

2017_06_07 12:22:59 INFO    Begin case: create disk data0607122259
2017_06_07 12:23:09 INFO    云磁盘data0607122259创建成功
2017_06_07 12:23:09 INFO    End case: create disk data0607122259

2017_06_07 12:23:09 INFO    Begin case:mount disk data0607122259
2017_06_07 12:23:18 INFO    挂载成功
2017_06_07 12:23:18 INFO    End case:mount disk data0607122259

2017_06_07 12:23:18 INFO    Begin case:unmount disk data0607122259
2017_06_07 12:23:18 WARNING VM status is 运行,can not create snapshot,so stop vm first!
2017_06_07 12:23:19 INFO    enter vm management
2017_06_07 12:23:19 INFO    Begin case: stop vm srochionhcmzoxjbdo
2017_06_07 12:23:22 INFO    VM srochionhcmzoxjbdo is stoping
2017_06_07 12:23:35 INFO    云主机srochionhcmzoxjbdo停止成功
2017_06_07 12:23:35 INFO    End case: stop vm srochionhcmzoxjbdo

2017_06_07 12:23:44 INFO    卸载云磁盘成功
2017_06_07 12:23:44 INFO    End case:unmount disk data0607122259

2017_06_07 12:23:44 INFO    Begin case:disk data0607122259 create snapshot 
2017_06_07 12:24:08 INFO    云磁盘data0607122259创建快照成功
2017_06_07 12:24:09 INFO    snapshot name : detached_data0607122259_20170607042347
2017_06_07 12:24:09 INFO    End case:disk data0607122259 create snapshot 

2017_06_07 12:24:09 INFO    Begin case:delete snapshot  detached_data0607122259_20170607042347 
2017_06_07 12:24:15 INFO    成功删除快照
2017_06_07 12:24:15 INFO    End case: delete snapshot detached_data0607122259_20170607042347

2017_06_07 12:24:15 INFO    Begin case:delete disk data0607122259 
2017_06_07 12:24:20 INFO    云磁盘data0607122259删除成功
2017_06_07 12:24:20 INFO    End case: delete disk data0607122259

2017_06_07 12:24:20 INFO    enter vm management
2017_06_07 12:24:20 INFO    Begin case: delete vm srochionhcmzoxjbdo
2017_06_07 12:24:34 INFO    云主机srochionhcmzoxjbdo删除成功
2017_06_07 12:24:34 INFO    End case: delete vm srochionhcmzoxjbdo

2017_06_09 17:59:53 INFO    Begin case: create vm, name is: sbkh.
2017_06_09 18:01:07 INFO    云主机sbkh创建成功
2017_06_09 18:06:00 INFO    End case: create vm name: sbkh success

2017_06_09 18:06:00 INFO    enter vm management
2017_06_09 18:06:00 INFO    Begin case: stop vm sbkh
2017_06_21 09:10:34 INFO    Begin case: create vm, name is: savd.
2017_06_21 09:11:36 INFO    Begin case: create vm, name is: trdwwubijaxlsqcxx.
2017_06_21 10:08:00 INFO    Begin case: create vm, name is: gqwymrdlldurwyc.
2017_06_21 10:09:02 INFO    云主机gqwymrdlldurwyc创建失败［资源不足］
2017_06_21 10:09:02 WARNING End case: create vm name: gqwymrdlldurwyc Failed!

2017_06_21 10:09:02 INFO    enter vm management
2017_06_21 10:09:02 INFO    Begin case: stop vm False
